# JRE version: Java(TM) SE Runtime Environment (8.0_101-b13) (build 1.8.0_101-b13)
# Java VM: Java HotSpot(TM) 64-Bit Server VM (25.101-b13 mixed mode windows-amd64 compressed oops)
Heap:
 PSYoungGen      total 71680K, used 18089K [0x00000000d5f80000, 0x00000000df280000, 0x0000000100000000)
  eden space 66560K, 21% used [0x00000000d5f80000,0x00000000d6d895b0,0x00000000da080000)
  from space 5120K, 72% used [0x00000000da080000,0x00000000da420ea8,0x00000000da580000)
  to   space 8704K, 0% used [0x00000000dea00000,0x00000000dea00000,0x00000000df280000)
 ParOldGen       total 87552K, used 11151K [0x0000000081e00000, 0x0000000087380000, 0x00000000d5f80000)
  object space 87552K, 12% used [0x0000000081e00000,0x00000000828e3ff0,0x0000000087380000)
 Metaspace       used 12229K, capacity 12474K, committed 12672K, reserved 1060864K
  class space    used 1538K, capacity 1611K, committed 1664K, reserved 1048576K
GC Heap History (10 events):
Event: 5.001 GC heap before
{Heap before GC invocations=1 (full 0):
 PSYoungGen      total 38400K, used 33280K [0x00000000d5f80000, 0x00000000d8a00000, 0x0000000100000000)
  eden space 33280K, 100% used [0x00000000d5f80000,0x00000000d8000000,0x00000000d8000000)
  from space 5120K, 0% used [0x00000000d8500000,0x00000000d8500000,0x00000000d8a00000)
  to   space 5120K, 0% used [0x00000000d8000000,0x00000000d8000000,0x00000000d8500000)
 ParOldGen       total 87552K, used 0K [0x0000000081e00000, 0x0000000087380000, 0x00000000d5f80000)
  object space 87552K, 0% used [0x0000000081e00000,0x0000000081e00000,0x0000000087380000)
 Metaspace       used 11267K, capacity 11474K, committed 11776K, reserved 1058816K
  class space    used 1362K, capacity 1451K, committed 1536K, reserved 1048576K
Event: 5.006 GC heap after
Heap after GC invocations=1 (full 0):
 PSYoungGen      total 38400K, used 5119K [0x00000000d5f80000, 0x00000000d8a00000, 0x0000000100000000)
  eden space 33280K, 0% used [0x00000000d5f80000,0x00000000d5f80000,0x00000000d8000000)
  from space 5120K, 99% used [0x00000000d8000000,0x00000000d84ffd50,0x00000000d8500000)
  to   space 5120K, 0% used [0x00000000d8500000,0x00000000d8500000,0x00000000d8a00000)
 ParOldGen       total 87552K, used 2337K [0x0000000081e00000, 0x0000000087380000, 0x00000000d5f80000)
  object space 87552K, 2% used [0x0000000081e00000,0x00000000820486e8,0x0000000087380000)
 Metaspace       used 11267K, capacity 11474K, committed 11776K, reserved 1058816K
  class space    used 1362K, capacity 1451K, committed 1536K, reserved 1048576K
}
Event: 5.141 GC heap before
{Heap before GC invocations=2 (full 0):
 PSYoungGen      total 38400K, used 38399K [0x00000000d5f80000, 0x00000000d8a00000, 0x0000000100000000)
  eden space 33280K, 100% used [0x00000000d5f80000,0x00000000d8000000,0x00000000d8000000)
  from space 5120K, 99% used [0x00000000d8000000,0x00000000d84ffd50,0x00000000d8500000)
  to   space 5120K, 0% used [0x00000000d8500000,0x00000000d8500000,0x00000000d8a00000)
 ParOldGen       total 87552K, used 2337K [0x0000000081e00000, 0x0000000087380000, 0x00000000d5f80000)
  object space 87552K, 2% used [0x0000000081e00000,0x00000000820486e8,0x0000000087380000)
 Metaspace       used 11342K, capacity 11610K, committed 11776K, reserved 1058816K
  class space    used 1362K, capacity 1451K, committed 1536K, reserved 1048576K
Event: 5.144 GC heap after
Heap after GC invocations=2 (full 0):
 PSYoungGen      total 38400K, used 5103K [0x00000000d5f80000, 0x00000000daa80000, 0x0000000100000000)
  eden space 33280K, 0% used [0x00000000d5f80000,0x00000000d5f80000,0x00000000d8000000)
  from space 5120K, 99% used [0x00000000d8500000,0x00000000d89fbd60,0x00000000d8a00000)
  to   space 5120K, 0% used [0x00000000d8000000,0x00000000d8000000,0x00000000d8500000)
 ParOldGen       total 87552K, used 4169K [0x0000000081e00000, 0x0000000087380000, 0x00000000d5f80000)
  object space 87552K, 4% used [0x0000000081e00000,0x0000000082212590,0x0000000087380000)
 Metaspace       used 11342K, capacity 11610K, committed 11776K, reserved 1058816K
  class space    used 1362K, capacity 1451K, committed 1536K, reserved 1048576K
}
Event: 5.247 GC heap before
{Heap before GC invocations=3 (full 0):
 PSYoungGen      total 38400K, used 38383K [0x00000000d5f80000, 0x00000000daa80000, 0x0000000100000000)
  eden space 33280K, 100% used [0x00000000d5f80000,0x00000000d8000000,0x00000000d8000000)
  from space 5120K, 99% used [0x00000000d8500000,0x00000000d89fbd60,0x00000000d8a00000)
  to   space 5120K, 0% used [0x00000000d8000000,0x00000000d8000000,0x00000000d8500000)
 ParOldGen       total 87552K, used 4169K [0x0000000081e00000, 0x0000000087380000, 0x00000000d5f80000)
  object space 87552K, 4% used [0x0000000081e00000,0x0000000082212590,0x0000000087380000)
 Metaspace       used 11386K, capacity 11610K, committed 11776K, reserved 1058816K
  class space    used 1362K, capacity 1451K, committed 1536K, reserved 1048576K
Event: 5.249 GC heap after
Heap after GC invocations=3 (full 0):
 PSYoungGen      total 38400K, used 3539K [0x00000000d5f80000, 0x00000000daa80000, 0x0000000100000000)
  eden space 33280K, 0% used [0x00000000d5f80000,0x00000000d5f80000,0x00000000d8000000)
  from space 5120K, 69% used [0x00000000d8000000,0x00000000d8374eb8,0x00000000d8500000)
  to   space 5120K, 0% used [0x00000000da580000,0x00000000da580000,0x00000000daa80000)
 ParOldGen       total 87552K, used 4177K [0x0000000081e00000, 0x0000000087380000, 0x00000000d5f80000)
  object space 87552K, 4% used [0x0000000081e00000,0x0000000082214590,0x0000000087380000)
 Metaspace       used 11386K, capacity 11610K, committed 11776K, reserved 1058816K
  class space    used 1362K, capacity 1451K, committed 1536K, reserved 1048576K
}
Event: 5.332 GC heap before
{Heap before GC invocations=4 (full 0):
 PSYoungGen      total 38400K, used 36819K [0x00000000d5f80000, 0x00000000daa80000, 0x0000000100000000)
  eden space 33280K, 100% used [0x00000000d5f80000,0x00000000d8000000,0x00000000d8000000)
  from space 5120K, 69% used [0x00000000d8000000,0x00000000d8374eb8,0x00000000d8500000)
  to   space 5120K, 0% used [0x00000000da580000,0x00000000da580000,0x00000000daa80000)
 ParOldGen       total 87552K, used 4177K [0x0000000081e00000, 0x0000000087380000, 0x00000000d5f80000)
  object space 87552K, 4% used [0x0000000081e00000,0x0000000082214590,0x0000000087380000)
 Metaspace       used 11401K, capacity 11610K, committed 11776K, reserved 1058816K
  class space    used 1362K, capacity 1451K, committed 1536K, reserved 1048576K
Event: 5.335 GC heap after
Heap after GC invocations=4 (full 0):
 PSYoungGen      total 71680K, used 3539K [0x00000000d5f80000, 0x00000000daa80000, 0x0000000100000000)
  eden space 66560K, 0% used [0x00000000d5f80000,0x00000000d5f80000,0x00000000da080000)
  from space 5120K, 69% used [0x00000000da580000,0x00000000da8f4eb8,0x00000000daa80000)
  to   space 5120K, 0% used [0x00000000da080000,0x00000000da080000,0x00000000da580000)
 ParOldGen       total 87552K, used 7664K [0x0000000081e00000, 0x0000000087380000, 0x00000000d5f80000)
  object space 87552K, 8% used [0x0000000081e00000,0x000000008257c2c0,0x0000000087380000)
 Metaspace       used 11401K, capacity 11610K, committed 11776K, reserved 1058816K
  class space    used 1362K, capacity 1451K, committed 1536K, reserved 1048576K
}
Event: 5.508 GC heap before
{Heap before GC invocations=5 (full 0):
 PSYoungGen      total 71680K, used 70099K [0x00000000d5f80000, 0x00000000daa80000, 0x0000000100000000)
  eden space 66560K, 100% used [0x00000000d5f80000,0x00000000da080000,0x00000000da080000)
  from space 5120K, 69% used [0x00000000da580000,0x00000000da8f4eb8,0x00000000daa80000)
  to   space 5120K, 0% used [0x00000000da080000,0x00000000da080000,0x00000000da580000)
 ParOldGen       total 87552K, used 7664K [0x0000000081e00000, 0x0000000087380000, 0x00000000d5f80000)
  object space 87552K, 8% used [0x0000000081e00000,0x000000008257c2c0,0x0000000087380000)
 Metaspace       used 11427K, capacity 11674K, committed 12032K, reserved 1060864K
  class space    used 1362K, capacity 1451K, committed 1536K, reserved 1048576K
Event: 5.513 GC heap after
Heap after GC invocations=5 (full 0):
 PSYoungGen      total 71680K, used 3715K [0x00000000d5f80000, 0x00000000df280000, 0x0000000100000000)
  eden space 66560K, 0% used [0x00000000d5f80000,0x00000000d5f80000,0x00000000da080000)
  from space 5120K, 72% used [0x00000000da080000,0x00000000da420ea8,0x00000000da580000)
  to   space 8704K, 0% used [0x00000000dea00000,0x00000000dea00000,0x00000000df280000)
 ParOldGen       total 87552K, used 11151K [0x0000000081e00000, 0x0000000087380000, 0x00000000d5f80000)
  object space 87552K, 12% used [0x0000000081e00000,0x00000000828e3ff0,0x0000000087380000)
 Metaspace       used 11427K, capacity 11674K, committed 12032K, reserved 1060864K
  class space    used 1362K, capacity 1451K, committed 1536K, reserved 1048576K
}

